<?xml version="1.0" encoding="UTF-8"?>
<testng-results skipped="0" failed="1" ignored="0" total="4" passed="3">
  <reporter-output>
  </reporter-output>
  <suite name="Default suite" duration-ms="171982" started-at="2017-06-01T07:57:18Z" finished-at="2017-06-01T08:00:10Z">
    <groups>
    </groups>
    <test name="Default test" duration-ms="171982" started-at="2017-06-01T07:57:18Z" finished-at="2017-06-01T08:00:10Z">
      <class name="com.niki.functional.TestSuite">
        <test-method status="PASS" signature="beforeTest()[pri:0, instance:com.niki.functional.TestSuite@3884b2]" name="beforeTest" is-config="true" duration-ms="15089" started-at="2017-06-01T13:27:18Z" finished-at="2017-06-01T13:27:33Z">
          <reporter-output>
          </reporter-output>
        </test-method> <!-- beforeTest -->
        <test-method status="PASS" signature="validLogin()[pri:1, instance:com.niki.functional.TestSuite@3884b2]" name="validLogin" duration-ms="30286" started-at="2017-06-01T13:27:33Z" finished-at="2017-06-01T13:28:03Z">
          <reporter-output>
          </reporter-output>
        </test-method> <!-- validLogin -->
        <test-method status="PASS" signature="afterTest()[pri:0, instance:com.niki.functional.TestSuite@3884b2]" name="afterTest" is-config="true" duration-ms="708" started-at="2017-06-01T13:28:03Z" finished-at="2017-06-01T13:28:04Z">
          <reporter-output>
          </reporter-output>
        </test-method> <!-- afterTest -->
        <test-method status="PASS" signature="beforeTest()[pri:0, instance:com.niki.functional.TestSuite@3884b2]" name="beforeTest" is-config="true" duration-ms="13497" started-at="2017-06-01T13:28:04Z" finished-at="2017-06-01T13:28:18Z">
          <reporter-output>
          </reporter-output>
        </test-method> <!-- beforeTest -->
        <test-method status="PASS" signature="menuItemsVerification()[pri:2, instance:com.niki.functional.TestSuite@3884b2]" name="menuItemsVerification" duration-ms="22675" started-at="2017-06-01T13:28:18Z" finished-at="2017-06-01T13:28:40Z">
          <reporter-output>
          </reporter-output>
        </test-method> <!-- menuItemsVerification -->
        <test-method status="PASS" signature="afterTest()[pri:0, instance:com.niki.functional.TestSuite@3884b2]" name="afterTest" is-config="true" duration-ms="664" started-at="2017-06-01T13:28:40Z" finished-at="2017-06-01T13:28:41Z">
          <reporter-output>
          </reporter-output>
        </test-method> <!-- afterTest -->
        <test-method status="PASS" signature="beforeTest()[pri:0, instance:com.niki.functional.TestSuite@3884b2]" name="beforeTest" is-config="true" duration-ms="13842" started-at="2017-06-01T13:28:41Z" finished-at="2017-06-01T13:28:55Z">
          <reporter-output>
          </reporter-output>
        </test-method> <!-- beforeTest -->
        <test-method status="PASS" signature="nikiServiceIcon()[pri:3, instance:com.niki.functional.TestSuite@3884b2]" name="nikiServiceIcon" duration-ms="22210" started-at="2017-06-01T13:28:55Z" finished-at="2017-06-01T13:29:17Z">
          <reporter-output>
          </reporter-output>
        </test-method> <!-- nikiServiceIcon -->
        <test-method status="PASS" signature="afterTest()[pri:0, instance:com.niki.functional.TestSuite@3884b2]" name="afterTest" is-config="true" duration-ms="695" started-at="2017-06-01T13:29:17Z" finished-at="2017-06-01T13:29:18Z">
          <reporter-output>
          </reporter-output>
        </test-method> <!-- afterTest -->
        <test-method status="PASS" signature="beforeTest()[pri:0, instance:com.niki.functional.TestSuite@3884b2]" name="beforeTest" is-config="true" duration-ms="13979" started-at="2017-06-01T13:29:18Z" finished-at="2017-06-01T13:29:32Z">
          <reporter-output>
          </reporter-output>
        </test-method> <!-- beforeTest -->
        <test-method status="FAIL" signature="nikiReplay()[pri:4, instance:com.niki.functional.TestSuite@3884b2]" name="nikiReplay" duration-ms="37578" started-at="2017-06-01T13:29:32Z" finished-at="2017-06-01T13:30:09Z">
          <exception class="org.openqa.selenium.NoSuchElementException">
            <message>
              <![CDATA[An element could not be located on the page using the given search parameters. (WARNING: The server did not provide any stacktrace information)
Command duration or timeout: 10.42 seconds
For documentation on this error, please visit: http://seleniumhq.org/exceptions/no_such_element.html
Build info: version: '2.53.0', revision: '35ae25b', time: '2016-03-15 16:57:40'
System info: host: 'Apalya-Ram', ip: '192.168.60.78', os.name: 'Windows 10', os.arch: 'x86', os.version: '10.0', java.version: '1.8.0_131'
Driver info: io.appium.java_client.android.AndroidDriver
Capabilities [{app=E:\ashok\appium\appium\NikiBeta_test\ExternalFiles\app-test-apk.apk, appPackage=com.techbins.niki.beta, networkConnectionEnabled=true, warnings={}, databaseEnabled=false, deviceName=BH90AD1C0G, platform=LINUX, appActivity=com.techbins.niki.SplashActivity, desired={app=E:\ashok\appium\appium\NikiBeta_test\ExternalFiles\app-test-apk.apk, appPackage=com.techbins.niki.beta, appActivity=com.techbins.niki.SplashActivity, platformVersion=5.1.1, platformName=Android, deviceName=BH90AD1C0G}, platformVersion=5.1.1, webStorageEnabled=false, locationContextEnabled=false, browserName=Android, takesScreenshot=true, javascriptEnabled=true, platformName=Android}]
Session ID: 419059be-01df-4a0c-8796-6e34ed9405ff
*** Element info: {Using=name, value=Hi ! Let me assist you with prepaid recharge. You can type cancel at any point to exit this conversation}]]>
            </message>
            <full-stacktrace>
              <![CDATA[org.openqa.selenium.NoSuchElementException: An element could not be located on the page using the given search parameters. (WARNING: The server did not provide any stacktrace information)
Command duration or timeout: 10.42 seconds
For documentation on this error, please visit: http://seleniumhq.org/exceptions/no_such_element.html
Build info: version: '2.53.0', revision: '35ae25b', time: '2016-03-15 16:57:40'
System info: host: 'Apalya-Ram', ip: '192.168.60.78', os.name: 'Windows 10', os.arch: 'x86', os.version: '10.0', java.version: '1.8.0_131'
Driver info: io.appium.java_client.android.AndroidDriver
Capabilities [{app=E:\ashok\appium\appium\NikiBeta_test\ExternalFiles\app-test-apk.apk, appPackage=com.techbins.niki.beta, networkConnectionEnabled=true, warnings={}, databaseEnabled=false, deviceName=BH90AD1C0G, platform=LINUX, appActivity=com.techbins.niki.SplashActivity, desired={app=E:\ashok\appium\appium\NikiBeta_test\ExternalFiles\app-test-apk.apk, appPackage=com.techbins.niki.beta, appActivity=com.techbins.niki.SplashActivity, platformVersion=5.1.1, platformName=Android, deviceName=BH90AD1C0G}, platformVersion=5.1.1, webStorageEnabled=false, locationContextEnabled=false, browserName=Android, takesScreenshot=true, javascriptEnabled=true, platformName=Android}]
Session ID: 419059be-01df-4a0c-8796-6e34ed9405ff
*** Element info: {Using=name, value=Hi ! Let me assist you with prepaid recharge. You can type cancel at any point to exit this conversation}
	at sun.reflect.NativeConstructorAccessorImpl.newInstance0(Native Method)
	at sun.reflect.NativeConstructorAccessorImpl.newInstance(Unknown Source)
	at sun.reflect.DelegatingConstructorAccessorImpl.newInstance(Unknown Source)
	at java.lang.reflect.Constructor.newInstance(Unknown Source)
	at org.openqa.selenium.remote.ErrorHandler.createThrowable(ErrorHandler.java:206)
	at org.openqa.selenium.remote.ErrorHandler.throwIfResponseFailed(ErrorHandler.java:158)
	at org.openqa.selenium.remote.RemoteWebDriver.execute(RemoteWebDriver.java:678)
	at io.appium.java_client.DefaultGenericMobileDriver.execute(DefaultGenericMobileDriver.java:43)
	at io.appium.java_client.AppiumDriver.execute(AppiumDriver.java:1)
	at io.appium.java_client.android.AndroidDriver.execute(AndroidDriver.java:1)
	at org.openqa.selenium.remote.RemoteWebDriver.findElement(RemoteWebDriver.java:363)
	at org.openqa.selenium.remote.RemoteWebDriver.findElementByName(RemoteWebDriver.java:461)
	at io.appium.java_client.DefaultGenericMobileDriver.findElementByName(DefaultGenericMobileDriver.java:99)
	at io.appium.java_client.AppiumDriver.findElementByName(AppiumDriver.java:1)
	at io.appium.java_client.android.AndroidDriver.findElementByName(AndroidDriver.java:1)
	at org.openqa.selenium.By$ByName.findElement(By.java:303)
	at org.openqa.selenium.remote.RemoteWebDriver.findElement(RemoteWebDriver.java:355)
	at io.appium.java_client.DefaultGenericMobileDriver.findElement(DefaultGenericMobileDriver.java:51)
	at io.appium.java_client.AppiumDriver.findElement(AppiumDriver.java:1)
	at io.appium.java_client.android.AndroidDriver.findElement(AndroidDriver.java:1)
	at com.niki.functional.TestSuite.nikiReplay(TestSuite.java:95)
	at sun.reflect.NativeMethodAccessorImpl.invoke0(Native Method)
	at sun.reflect.NativeMethodAccessorImpl.invoke(Unknown Source)
	at sun.reflect.DelegatingMethodAccessorImpl.invoke(Unknown Source)
	at java.lang.reflect.Method.invoke(Unknown Source)
	at org.testng.internal.MethodInvocationHelper.invokeMethod(MethodInvocationHelper.java:108)
	at org.testng.internal.Invoker.invokeMethod(Invoker.java:661)
	at org.testng.internal.Invoker.invokeTestMethod(Invoker.java:869)
	at org.testng.internal.Invoker.invokeTestMethods(Invoker.java:1193)
	at org.testng.internal.TestMethodWorker.invokeTestMethods(TestMethodWorker.java:126)
	at org.testng.internal.TestMethodWorker.run(TestMethodWorker.java:109)
	at org.testng.TestRunner.privateRun(TestRunner.java:744)
	at org.testng.TestRunner.run(TestRunner.java:602)
	at org.testng.SuiteRunner.runTest(SuiteRunner.java:380)
	at org.testng.SuiteRunner.runSequentially(SuiteRunner.java:375)
	at org.testng.SuiteRunner.privateRun(SuiteRunner.java:340)
	at org.testng.SuiteRunner.run(SuiteRunner.java:289)
	at org.testng.SuiteRunnerWorker.runSuite(SuiteRunnerWorker.java:52)
	at org.testng.SuiteRunnerWorker.run(SuiteRunnerWorker.java:86)
	at org.testng.TestNG.runSuitesSequentially(TestNG.java:1301)
	at org.testng.TestNG.runSuitesLocally(TestNG.java:1226)
	at org.testng.TestNG.runSuites(TestNG.java:1144)
	at org.testng.TestNG.run(TestNG.java:1115)
	at org.testng.remote.AbstractRemoteTestNG.run(AbstractRemoteTestNG.java:132)
	at org.testng.remote.RemoteTestNG.initAndRun(RemoteTestNG.java:230)
	at org.testng.remote.RemoteTestNG.main(RemoteTestNG.java:76)
]]>
            </full-stacktrace>
          </exception> <!-- org.openqa.selenium.NoSuchElementException -->
          <reporter-output>
          </reporter-output>
        </test-method> <!-- nikiReplay -->
        <test-method status="PASS" signature="afterTest()[pri:0, instance:com.niki.functional.TestSuite@3884b2]" name="afterTest" is-config="true" duration-ms="709" started-at="2017-06-01T13:30:09Z" finished-at="2017-06-01T13:30:10Z">
          <reporter-output>
          </reporter-output>
        </test-method> <!-- afterTest -->
      </class> <!-- com.niki.functional.TestSuite -->
    </test> <!-- Default test -->
  </suite> <!-- Default suite -->
</testng-results>
